<?xml version="1.0" encoding="UTF-8"?>
<!-- Generated by org.testng.reporters.JUnitXMLReporter -->
<testsuite ignored="0" hostname="pelg01" failures="1" tests="273" name="C:/Users/kishor_ghadge/IdeaProjects/Maven_Project" time="4562.152" errors="0" timestamp="2022-01-30T23:29:24 GMT">
  <testcase classname="Tests.AnalyticsTest" name="test_organization_arrows_on_analytics_page" time="12.641"/>
  <testcase classname="Tests.AnalyticsTest" name="hover_total_users_on_Analytics_page" time="3.154"/>
  <testcase classname="Tests.AnalyticsTest" name="hover_total_documents_on_Analytics_page" time="3.144"/>
  <testcase classname="Tests.AnalyticsTest" name="hover_processed_documents_on_Analytics_page" time="3.139"/>
  <testcase classname="Tests.AnalyticsTest" name="hover_ready_to_process_on_Analytics_page" time="3.141"/>
  <testcase classname="Tests.AnalyticsTest" name="hover_ready_to_rejected_documents_on_Analytics_page" time="3.141"/>
  <testcase classname="Tests.AnalyticsTest" name="hover_validation_time_on_Analytics_page" time="3.141"/>
  <testcase classname="Tests.AnalyticsTest" name="hover_on_structured_on_Analytics_page" time="3.419"/>
  <testcase classname="Tests.AnalyticsTest" name="hover_on_semistructured_on_Analytics_page" time="3.439"/>
  <testcase classname="Tests.AnalyticsTest" name="hover_on_freeform_on_Analytics_page" time="3.448"/>
  <testcase classname="Tests.AnalyticsTest" name="hover_on_medicalchart_on_Analytics_page" time="8.655"/>
  <testcase classname="Tests.AnalyticsTest" name="search_project_on_Analytics_page" time="7.341"/>
  <testcase classname="Tests.AnalyticsTest" name="select_overall_data_on_Analytics_page" time="5.123"/>
  <testcase classname="Tests.AnalyticsTest" name="select_monthly_data_on_Analytics_page" time="9.193"/>
  <testcase classname="Tests.AnalyticsTest" name="select_weekly_data_on_Analytics_page" time="9.197"/>
  <testcase classname="Tests.AnalyticsTest" name="select_daily_data_on_Analytics_page" time="12.271"/>
  <testcase classname="Tests.CreateUpdateRoleAdminTest" name="login_with_valid_details" time="29.612"/>
  <testcase classname="Tests.CreateUpdateRoleAdminTest" name="blank_role_name_permission" time="8.704"/>
  <testcase classname="Tests.CreateUpdateRoleAdminTest" name="valid_role_name_blank_permission" time="13.81"/>
  <testcase classname="Tests.CreateUpdateRoleAdminTest" name="blank_role_name_valid_permission" time="14.469"/>
  <testcase classname="Tests.CreateUpdateRoleAdminTest" name="valid_role_and_permission" time="18.512"/>
  <testcase classname="Tests.CreateUpdateRoleAdminTest" name="create_role_with_existing_rolename" time="19.566"/>
  <testcase classname="Tests.CreateUpdateRoleAdminTest" name="search_created_role" time="2.23"/>
  <testcase classname="Tests.CreateUpdateRoleAdminTest" name="update_role_with_valid_data" time="20.489"/>
  <testcase classname="Tests.CreateUpdateRoleAdminTest" name="remove_all_permissions" time="12.373"/>
  <testcase classname="Tests.CreateUpdateRoleAdminTest" name="disable_the_status_of_role_update" time="11.245"/>
  <testcase classname="Tests.CreateUpdateRoleAdminTest" name="enable_status_role_update" time="15.447"/>
  <testcase classname="Tests.CreateUpdateRolePlatformAdminTest" name="create_role_with_blank_rolename_permission" time="17.314"/>
  <testcase classname="Tests.CreateUpdateRolePlatformAdminTest" name="create_role_with_valid_rolename_blank_permission" time="11.727"/>
  <testcase classname="Tests.CreateUpdateRolePlatformAdminTest" name="create_role_with_blank_rolename_valid_permission" time="18.417"/>
  <testcase classname="Tests.CreateUpdateRolePlatformAdminTest" name="create_role_with_valid_rolename_permission" time="18.481"/>
  <testcase classname="Tests.CreateUpdateRolePlatformAdminTest" name="create_role_with_existing_name" time="20.512"/>
  <testcase classname="Tests.CreateUpdateRolePlatformAdminTest" name="search_created_role" time="3.267"/>
  <testcase classname="Tests.CreateUpdateRolePlatformAdminTest" name="update_role_with_valid_data" time="17.406"/>
  <testcase classname="Tests.CreateUpdateRolePlatformAdminTest" name="remove_all_permissions_update" time="12.326"/>
  <testcase classname="Tests.CreateUpdateRolePlatformAdminTest" name="disable_status_role_update" time="11.25"/>
  <testcase classname="Tests.CreateUpdateRolePlatformAdminTest" name="enable_status_role_update" time="15.335"/>
  <testcase classname="Tests.CreateUserAdminTest" name="valid_login_with_admin_credentials" time="21.257"/>
  <testcase classname="Tests.CreateUserAdminTest" name="create_user_with_blank_data" time="11.399"/>
  <testcase classname="Tests.CreateUserAdminTest" name="create_user_with_valid_data" time="14.455"/>
  <testcase classname="Tests.CreateUserAdminTest" name="create_user_with_invalid_data" time="11.428"/>
  <testcase classname="Tests.CreateUserAdminTest" name="disable_user" time="11.623"/>
  <testcase classname="Tests.CreateUserAdminTest" name="enable_disabled_user" time="16.581"/>
  <testcase classname="Tests.CreateUserPlatformAdminTest" name="blank_username_blank_password" time="13.824"/>
  <testcase classname="Tests.CreateUserPlatformAdminTest" name="valid_username_blank_password" time="10.495"/>
  <testcase classname="Tests.CreateUserPlatformAdminTest" name="blank_username_valid_password" time="9.541"/>
  <testcase classname="Tests.CreateUserPlatformAdminTest" name="invalid_username_blank_password" time="9.501"/>
  <testcase classname="Tests.CreateUserPlatformAdminTest" name="blank_username_invalid_password" time="9.491"/>
  <testcase classname="Tests.CreateUserPlatformAdminTest" name="invalid_credentials" time="11.68"/>
  <testcase classname="Tests.CreateUserPlatformAdminTest" name="create_user_with_existing_username_password" time="14.422"/>
  <testcase classname="Tests.CreateUserPlatformAdminTest" name="search_user" time="21.97"/>
  <testcase classname="Tests.DataSetTest" name="create_category_with_blank_name" time="6.4"/>
  <testcase classname="Tests.DataSetTest" name="create_category_with_invalid_name" time="4.226"/>
  <testcase classname="Tests.DataSetTest" name="create_category_with_valid_name" time="6.247"/>
  <testcase classname="Tests.DataSetTest" name="add_dataset_with_blank_and_no_chosen_file" time="4.148"/>
  <testcase classname="Tests.DataSetTest" name="add_dataset_with_blank_and_name_chosen_file" time="6.332"/>
  <testcase classname="Tests.DataSetTest" name="add_dataset_with_csv_file_validation" time="8.352"/>
  <testcase classname="Tests.DataSetTest" name="add_dataset_created_category_name_chosen_file_valid_type" time="6.351"/>
  <testcase classname="Tests.DataSetTest" name="validation_type_as_name_to_create_new_dataset" time="4.143"/>
  <testcase classname="Tests.DataSetTest" name="validation_type_as_phone_role_to_create_new_dataset" time="8.218"/>
  <testcase classname="Tests.DataSetTest" name="search_created_document_and_expand" time="4.357"/>
  <testcase classname="Tests.DataSetTest" name="select_open_file_and_cancel" time="4.264"/>
  <testcase classname="Tests.DataSetTest" name="disable_dataset" time="4.222"/>
  <testcase classname="Tests.DocProcessFreeFormTest" name="search_project" time="18.003"/>
  <testcase classname="Tests.DocProcessFreeFormTest" name="search_document" time="4.281"/>
  <testcase classname="Tests.DocProcessFreeFormTest" name="update_document_cancel_it" time="16.594"/>
  <testcase classname="Tests.DocProcessFreeFormTest" name="hide_unhide_analytics" time="4.118"/>
  <testcase classname="Tests.DocProcessFreeFormTest" name="documents_filter" time="14.451"/>
  <testcase classname="Tests.DocProcessFreeFormTest" name="sorting" time="19.717"/>
  <testcase classname="Tests.DocProcessFreeFormTest" name="items_per_page" time="4.152"/>
  <testcase classname="Tests.DocProcessFreeFormTest" name="next_page_previous_page_first_page_last_page" time="8.307"/>
  <testcase classname="Tests.DocProcessFreeFormTest" name="anti_clockwise_clockwise_zoomin_zoomout_navigate_right_left" time="26.822"/>
  <testcase classname="Tests.DocProcessMedicalChartTest" name="search_project" time="15.819"/>
  <testcase classname="Tests.DocProcessMedicalChartTest" name="searchbox_document" time="4.263"/>
  <testcase classname="Tests.DocProcessMedicalChartTest" name="update_document_cancel" time="21.724"/>
  <testcase classname="Tests.DocProcessMedicalChartTest" name="hide_unhide_analytics" time="4.146"/>
  <testcase classname="Tests.DocProcessMedicalChartTest" name="documents_filter" time="14.485"/>
  <testcase classname="Tests.DocProcessMedicalChartTest" name="sorting" time="17.629"/>
  <testcase classname="Tests.DocProcessMedicalChartTest" name="items_page" time="4.153"/>
  <testcase classname="Tests.DocProcessMedicalChartTest" name="next_page_previous_page_first_page_last_page" time="8.223"/>
  <testcase classname="Tests.DocProcessMedicalChartTest" name="create_chronic_condition" time="22.089">
    <failure type="org.openqa.selenium.ElementClickInterceptedException" message="element click intercepted: Element &amp;lt;div _ngcontent-serverapp-c277=&amp;quot;&amp;quot; style=&amp;quot;font-size: 13px;&amp;quot; class=&amp;quot;ng-tns-c277-62&amp;quot;&amp;gt;...&amp;lt;/div&amp;gt; is not clickable at point (1089, 462). Other element would receive the click: &amp;lt;div class=&amp;quot;cdk-overlay-backdrop mat-overlay-transparent-backdrop mat-datepicker-0-backdrop cdk-overlay-backdrop-showing&amp;quot;&amp;gt;&amp;lt;/div&amp;gt;
  (Session info: chrome=97.0.4692.99)
Build info: version: &amp;apos;3.141.59&amp;apos;, revision: &amp;apos;e82be7d358&amp;apos;, time: &amp;apos;2018-11-14T08:17:03&amp;apos;
System info: host: &amp;apos;PELG01&amp;apos;, ip: &amp;apos;10.128.0.13&amp;apos;, os.name: &amp;apos;Windows Server 2019&amp;apos;, os.arch: &amp;apos;amd64&amp;apos;, os.version: &amp;apos;10.0&amp;apos;, java.version: &amp;apos;17.0.1&amp;apos;
Driver info: org.openqa.selenium.chrome.ChromeDriver
Capabilities {acceptInsecureCerts: false, browserName: chrome, browserVersion: 97.0.4692.99, chrome: {chromedriverVersion: 96.0.4664.45 (76e4c1bb2ab46..., userDataDir: C:\Users\KISHOR~1\AppData\L...}, goog:chromeOptions: {debuggerAddress: localhost:60050}, javascriptEnabled: true, networkConnectionEnabled: false, pageLoadStrategy: normal, platform: WINDOWS, platformName: WINDOWS, proxy: Proxy(), setWindowRect: true, strictFileInteractability: false, timeouts: {implicit: 0, pageLoad: 300000, script: 30000}, unhandledPromptBehavior: dismiss and notify, webauthn:extension:credBlob: true, webauthn:extension:largeBlob: true, webauthn:virtualAuthenticators: true}
Session ID: 1bd53602ca23cf3f805b7c58fa733af1">
      <![CDATA[org.openqa.selenium.ElementClickInterceptedException: element click intercepted: Element <div _ngcontent-serverapp-c277="" style="font-size: 13px;" class="ng-tns-c277-62">...</div> is not clickable at point (1089, 462). Other element would receive the click: <div class="cdk-overlay-backdrop mat-overlay-transparent-backdrop mat-datepicker-0-backdrop cdk-overlay-backdrop-showing"></div>
  (Session info: chrome=97.0.4692.99)
Build info: version: '3.141.59', revision: 'e82be7d358', time: '2018-11-14T08:17:03'
System info: host: 'PELG01', ip: '10.128.0.13', os.name: 'Windows Server 2019', os.arch: 'amd64', os.version: '10.0', java.version: '17.0.1'
Driver info: org.openqa.selenium.chrome.ChromeDriver
Capabilities {acceptInsecureCerts: false, browserName: chrome, browserVersion: 97.0.4692.99, chrome: {chromedriverVersion: 96.0.4664.45 (76e4c1bb2ab46..., userDataDir: C:\Users\KISHOR~1\AppData\L...}, goog:chromeOptions: {debuggerAddress: localhost:60050}, javascriptEnabled: true, networkConnectionEnabled: false, pageLoadStrategy: normal, platform: WINDOWS, platformName: WINDOWS, proxy: Proxy(), setWindowRect: true, strictFileInteractability: false, timeouts: {implicit: 0, pageLoad: 300000, script: 30000}, unhandledPromptBehavior: dismiss and notify, webauthn:extension:credBlob: true, webauthn:extension:largeBlob: true, webauthn:virtualAuthenticators: true}
Session ID: 1bd53602ca23cf3f805b7c58fa733af1
at java.base/jdk.internal.reflect.NativeConstructorAccessorImpl.newInstance0(Native Method)
at java.base/jdk.internal.reflect.NativeConstructorAccessorImpl.newInstance(NativeConstructorAccessorImpl.java:77)
at java.base/jdk.internal.reflect.DelegatingConstructorAccessorImpl.newInstance(DelegatingConstructorAccessorImpl.java:45)
at java.base/java.lang.reflect.Constructor.newInstanceWithCaller(Constructor.java:499)
at java.base/java.lang.reflect.Constructor.newInstance(Constructor.java:480)
at org.openqa.selenium.remote.http.W3CHttpResponseCodec.createException(W3CHttpResponseCodec.java:187)
at org.openqa.selenium.remote.http.W3CHttpResponseCodec.decode(W3CHttpResponseCodec.java:122)
at org.openqa.selenium.remote.http.W3CHttpResponseCodec.decode(W3CHttpResponseCodec.java:49)
at org.openqa.selenium.remote.HttpCommandExecutor.execute(HttpCommandExecutor.java:158)
at org.openqa.selenium.remote.service.DriverCommandExecutor.execute(DriverCommandExecutor.java:83)
at org.openqa.selenium.remote.RemoteWebDriver.execute(RemoteWebDriver.java:552)
at org.openqa.selenium.remote.RemoteWebElement.execute(RemoteWebElement.java:285)
at org.openqa.selenium.remote.RemoteWebElement.click(RemoteWebElement.java:84)
at Pages.DocumentPage.SelectStartDate(DocumentPage.java:191)
at Tests.DocProcessMedicalChartTest.create_chronic_condition(DocProcessMedicalChartTest.java:149)
at java.base/jdk.internal.reflect.NativeMethodAccessorImpl.invoke0(Native Method)
at java.base/jdk.internal.reflect.NativeMethodAccessorImpl.invoke(NativeMethodAccessorImpl.java:77)
at java.base/jdk.internal.reflect.DelegatingMethodAccessorImpl.invoke(DelegatingMethodAccessorImpl.java:43)
at java.base/java.lang.reflect.Method.invoke(Method.java:568)
at org.testng.internal.MethodInvocationHelper.invokeMethod(MethodInvocationHelper.java:133)
at org.testng.internal.TestInvoker.invokeMethod(TestInvoker.java:598)
at org.testng.internal.TestInvoker.invokeTestMethod(TestInvoker.java:173)
at org.testng.internal.MethodRunner.runInSequence(MethodRunner.java:46)
at org.testng.internal.TestInvoker$MethodInvocationAgent.invoke(TestInvoker.java:824)
at org.testng.internal.TestInvoker.invokeTestMethods(TestInvoker.java:146)
at org.testng.internal.TestMethodWorker.invokeTestMethods(TestMethodWorker.java:146)
at org.testng.internal.TestMethodWorker.run(TestMethodWorker.java:128)
at java.base/java.util.ArrayList.forEach(ArrayList.java:1511)
at org.testng.TestRunner.privateRun(TestRunner.java:794)
at org.testng.TestRunner.run(TestRunner.java:596)
at org.testng.SuiteRunner.runTest(SuiteRunner.java:377)
at org.testng.SuiteRunner.runSequentially(SuiteRunner.java:371)
at org.testng.SuiteRunner.privateRun(SuiteRunner.java:332)
at org.testng.SuiteRunner.run(SuiteRunner.java:276)
at org.testng.SuiteRunnerWorker.runSuite(SuiteRunnerWorker.java:53)
at org.testng.SuiteRunnerWorker.run(SuiteRunnerWorker.java:96)
at org.testng.TestNG.runSuitesSequentially(TestNG.java:1212)
at org.testng.TestNG.runSuitesLocally(TestNG.java:1134)
at org.testng.TestNG.runSuites(TestNG.java:1063)
at org.testng.TestNG.run(TestNG.java:1031)
at com.intellij.rt.testng.IDEARemoteTestNG.run(IDEARemoteTestNG.java:66)
at com.intellij.rt.testng.RemoteTestNGStarter.main(RemoteTestNGStarter.java:109)
]]>
    </failure>
  </testcase> <!-- create_chronic_condition -->
  <testcase classname="Tests.DocProcessSemiStructuredTest" name="search_project" time="14.096"/>
  <testcase classname="Tests.DocProcessSemiStructuredTest" name="searchbox_document" time="4.254"/>
  <testcase classname="Tests.DocProcessSemiStructuredTest" name="update_document_cancel" time="19.641"/>
  <testcase classname="Tests.DocProcessSemiStructuredTest" name="hide_unhide_analytics" time="4.13"/>
  <testcase classname="Tests.DocProcessSemiStructuredTest" name="documents_filter" time="14.444"/>
  <testcase classname="Tests.DocProcessSemiStructuredTest" name="sorting" time="19.601"/>
  <testcase classname="Tests.DocProcessSemiStructuredTest" name="items_page" time="4.221"/>
  <testcase classname="Tests.DocProcessSemiStructuredTest" name="next_page_previous_page_first_page_last_page" time="8.256"/>
  <testcase classname="Tests.DocProcessSemiStructuredTest" name="anticlockwise_clockwise_zoomin_zoomout_navigate_right_left" time="22.868"/>
  <testcase classname="Tests.DocProcessStructuredTest" name="search_project" time="18.023"/>
  <testcase classname="Tests.DocProcessStructuredTest" name="searchbox_document" time="4.239"/>
  <testcase classname="Tests.DocProcessStructuredTest" name="update_document_cancel" time="21.687"/>
  <testcase classname="Tests.DocProcessStructuredTest" name="hide_unhide_analytics" time="4.122"/>
  <testcase classname="Tests.DocProcessStructuredTest" name="documents_filter" time="14.508"/>
  <testcase classname="Tests.DocProcessStructuredTest" name="sorting" time="19.643"/>
  <testcase classname="Tests.DocProcessStructuredTest" name="items_page" time="4.164"/>
  <testcase classname="Tests.DocProcessStructuredTest" name="next_page_previous_page_first_page_last_page" time="6.344"/>
  <testcase classname="Tests.DocProcessStructuredTest" name="anticlockwise_clockwise_zoomin_zoomout_navigate_right_left" time="29.966"/>
  <testcase classname="Tests.EditProfileTest" name="visible_password_on" time="14.153"/>
  <testcase classname="Tests.EditProfileTest" name="visible_password_off" time="9.1"/>
  <testcase classname="Tests.EditProfileTest" name="profile_icon" time="2.254"/>
  <testcase classname="Tests.EditProfileTest" name="night_mode_day_mode" time="4.693"/>
  <testcase classname="Tests.EditProfileTest" name="edit_profile" time="3.235"/>
  <testcase classname="Tests.EditProfileTest" name="edit_profile_cancel" time="2.116"/>
  <testcase classname="Tests.ForgetPwdTest" name="click_on_cancel_button_on_forgot_password" time="13.517"/>
  <testcase classname="Tests.ForgetPwdTest" name="first_login_not_done" time="5.384"/>
  <testcase classname="Tests.ForgetPwdTest" name="invalid_email" time="4.437"/>
  <testcase classname="Tests.ForgetPwdTest" name="user_not_exists" time="8.825"/>
  <testcase classname="Tests.ForgetPwdTest" name="disable_user" time="9.646"/>
  <testcase classname="Tests.FunctionalTabTest" name="click_on_n_icon" time="3.253"/>
  <testcase classname="Tests.FunctionalTabTest" name="horizontal_users_tab" time="9.105"/>
  <testcase classname="Tests.FunctionalTabTest" name="horizontal_roles_tab" time="11.089"/>
  <testcase classname="Tests.FunctionalTabTest" name="horizontal_templates_tab" time="13.176"/>
  <testcase classname="Tests.FunctionalTabTest" name="horizontal_datasets_tab" time="11.17"/>
  <testcase classname="Tests.FunctionalTabTest" name="horizontal_projects_tab" time="13.236"/>
  <testcase classname="Tests.FunctionalTabTest" name="horizontal_documents_tab" time="11.227"/>
  <testcase classname="Tests.FunctionalTabTest" name="horizontal_analytics_tab" time="11.552"/>
  <testcase classname="Tests.FunctionalTabTest" name="vertical_users_tab" time="11.192"/>
  <testcase classname="Tests.FunctionalTabTest" name="vertical_roles_tab" time="11.131"/>
  <testcase classname="Tests.FunctionalTabTest" name="vertical_templates_tab" time="13.147"/>
  <testcase classname="Tests.FunctionalTabTest" name="vertical_datasets_tab" time="11.14"/>
  <testcase classname="Tests.FunctionalTabTest" name="vertical_projects_tab" time="13.23"/>
  <testcase classname="Tests.FunctionalTabTest" name="vertical_Documents_tab" time="10.477"/>
  <testcase classname="Tests.FunctionalTabTest" name="vertical_analytics_tab" time="10.288"/>
  <testcase classname="Tests.LoginTest" name="verification_of_title_logo_and_login_with_blank_details" time="7.082"/>
  <testcase classname="Tests.LoginTest" name="login_with_invalid_username_and_blank_password" time="2.219"/>
  <testcase classname="Tests.LoginTest" name="login_with_blank_username_and_valid_password" time="6.215"/>
  <testcase classname="Tests.LoginTest" name="login_with_blank_username_and_invalid_password" time="5.163"/>
  <testcase classname="Tests.LoginTest" name="login_with_valid_username_and_blank_password" time="8.691"/>
  <testcase classname="Tests.LoginTest" name="login_with_invalid_username_and_password" time="4.324"/>
  <testcase classname="Tests.LoginTest" name="login_with_invalid_username_and_valid_password" time="7.631"/>
  <testcase classname="Tests.LoginTest" name="login_with_valid_username_and_invalid_password" time="7.627"/>
  <testcase classname="Tests.LoginTest" name="login_with_valid_username_and_password" time="17.589"/>
  <testcase classname="Tests.LoginTest" name="navigate_backward" time="2.59"/>
  <testcase classname="Tests.LoginTest" name="logout_for_platform_admin" time="5.117"/>
  <testcase classname="Tests.LoginTest" name="login_with_invalid_username_password" time="4.333"/>
  <testcase classname="Tests.LoginTest" name="login_with_invalid_username_and_valid_password_for_admin" time="7.595"/>
  <testcase classname="Tests.LoginTest" name="login_with_valid_username_and_invalid_password_admin" time="7.634"/>
  <testcase classname="Tests.LoginTest" name="login_with_valid_username_and_password_admin" time="19.638"/>
  <testcase classname="Tests.LoginTest" name="login_with_invalid_username_and_password_supervisor" time="7.504"/>
  <testcase classname="Tests.LoginTest" name="login_with_invalid_username_and_valid_password_supervisor" time="7.579"/>
  <testcase classname="Tests.LoginTest" name="login_with_valid_username_and_invalid_password_supervisor" time="7.611"/>
  <testcase classname="Tests.LoginTest" name="login_with_valid_username_and_password_supervisor" time="17.706"/>
  <testcase classname="Tests.LoginTest" name="login_with_invalid_username_and_password_for_operator" time="7.527"/>
  <testcase classname="Tests.LoginTest" name="login_with_invalid_username_and_valid_password_for_operator" time="7.613"/>
  <testcase classname="Tests.LoginTest" name="login_with_valid_username_and_invalid_password_for_operator" time="7.6"/>
  <testcase classname="Tests.LoginTest" name="login_with_valid_username_and_password_for_operator" time="20.646"/>
  <testcase classname="Tests.ManualInterventionDocument" name="manual_intervention_freeform_rejected_document" time="64.075"/>
  <testcase classname="Tests.ProjectBREDataSetTest" name="bre_applied_to_name_using_dataset_fail" time="113.195"/>
  <testcase classname="Tests.ProjectBREMedicalChartDocumentTest" name="verify_save_draft_option_for_patient_demographics" time="42.177"/>
  <testcase classname="Tests.ProjectBREMedicalChartDocumentTest" name="verify_save_draft_option_for_chronic_conditions" time="33.473"/>
  <testcase classname="Tests.ProjectBREMedicalChartDocumentTest1" name="verify_rejected_document_no_data_extracted_on_medical_chart" time="25.226"/>
  <testcase classname="Tests.ProjectBREMedicalChartDocumentTest1" name="edit_encounter_detail_and_enter_invalid_npi_physician_on_medical_chart" time="15.286"/>
  <testcase classname="Tests.ProjectBREMedicalChartDocumentTest1" name="run_rule_for_invalid_physicians_sign_on_medical_chart" time="13.867"/>
  <testcase classname="Tests.ProjectBREMedicalChartDocumentTest1" name="verify_icd_on_medical_chart" time="32.512"/>
  <testcase classname="Tests.ProjectBREMedicalChartDocumentTest1" name="save_without_hcc_comments_on_medical_chart" time="1.079"/>
  <testcase classname="Tests.ProjectBREMedicalChartDocumentTest1" name="save_with_hcc_comments_on_medical_chart" time="8.577"/>
  <testcase classname="Tests.ProjectBREMedicalChartTest" name="check_all_functions_on_project_page" time="56.429"/>
  <testcase classname="Tests.ProjectBREMedicalChartTest" name="add_dataset" time="28.637"/>
  <testcase classname="Tests.ProjectBREMedicalChartTest" name="add_condition" time="29.674"/>
  <testcase classname="Tests.ProjectBREMedicalChartTest" name="add_action" time="10.709"/>
  <testcase classname="Tests.ProjectBREMedicalChartTest" name="set_document_status_ready" time="21.108"/>
  <testcase classname="Tests.ProjectBREMedicalChartTest" name="set_document_status_rejected" time="26.593"/>
  <testcase classname="Tests.ProjectBRETest" name="bre_applied_to_name_pass" time="247.803"/>
  <testcase classname="Tests.ProjectBRETest" name="bre_applied_to_name_fail" time="16.905"/>
  <testcase classname="Tests.ProjectBRETest" name="bre_applied_to_address_pass" time="40.103"/>
  <testcase classname="Tests.ProjectBRETest" name="bre_applied_to_address_fail" time="17.082"/>
  <testcase classname="Tests.ProjectBRETest" name="bre_applied_to_state_pass" time="36.3"/>
  <testcase classname="Tests.ProjectBRETest" name="bre_applied_to_state_fail" time="17.137"/>
  <testcase classname="Tests.ProjectFlowFreeFormTest" name="create_project_without_adding_attributes_and_role" time="36.352"/>
  <testcase classname="Tests.ProjectFlowFreeFormTest" name="create_project_without_adding_role" time="8.404"/>
  <testcase classname="Tests.ProjectFlowFreeFormTest" name="create_project_without_adding_user" time="8.624"/>
  <testcase classname="Tests.ProjectFlowFreeFormTest" name="verify_add_user" time="6.323"/>
  <testcase classname="Tests.ProjectFlowFreeFormTest" name="next_to_data" time="8.351"/>
  <testcase classname="Tests.ProjectFlowFreeFormTest" name="create_project_with_valid_details" time="9.326"/>
  <testcase classname="Tests.ProjectFlowMedicalChart" name="check_all_functionalities_on_project_page" time="32.19"/>
  <testcase classname="Tests.ProjectFlowMedicalChart" name="create_project_without_entities_and_role" time="2.164"/>
  <testcase classname="Tests.ProjectFlowMedicalChart" name="create_project_with_entities_without_role" time="14.457"/>
  <testcase classname="Tests.ProjectFlowMedicalChart" name="create_project_without_user" time="6.633"/>
  <testcase classname="Tests.ProjectFlowMedicalChart" name="verify_add_user" time="6.372"/>
  <testcase classname="Tests.ProjectFlowMedicalChart" name="navigate_next_to_datapage_back_page" time="8.301"/>
  <testcase classname="Tests.ProjectFlowMedicalChart" name="create_project_with_valid_details" time="9.389"/>
  <testcase classname="Tests.ProjectFlowSemiStructureTest" name="check_all_the_functions_on_project_page" time="30.304"/>
  <testcase classname="Tests.ProjectFlowSemiStructureTest" name="check_delete_attribute" time="2.107"/>
  <testcase classname="Tests.ProjectFlowSemiStructureTest" name="create_project_without_role" time="19.019"/>
  <testcase classname="Tests.ProjectFlowSemiStructureTest" name="navigate_to_data_page_and_Rules_page" time="8.332"/>
  <testcase classname="Tests.ProjectFlowSemiStructureTest" name="verify_create_project" time="9.33"/>
  <testcase classname="Tests.ProjectFlowStructuredTest" name="create_project_with_blank_data" time="7.15"/>
  <testcase classname="Tests.ProjectFlowStructuredTest" name="next_button_with_blank_info_for_platform_admin" time="12.701"/>
  <testcase classname="Tests.ProjectFlowStructuredTest" name="cancel_with_blank_info" time="15.491"/>
  <testcase classname="Tests.ProjectFlowStructuredTest" name="create_project_with_invalid_name" time="60.568"/>
  <testcase classname="Tests.ProjectFlowStructuredTest" name="create_project_without_template" time="42.447"/>
  <testcase classname="Tests.ProjectFlowStructuredTest" name="create_project_without_role" time="6.51"/>
  <testcase classname="Tests.ProjectFlowStructuredTest" name="create_project_without_user_and_with_valid_data" time="25.148"/>
  <testcase classname="Tests.ProjectFlowStructuredTest" name="create_project_with_disable_status" time="67.109"/>
  <testcase classname="Tests.ProjectFlowStructuredTest" name="create_project_only_with_role_info" time="33.658"/>
  <testcase classname="Tests.ProjectFlowStructuredTest" name="create_project_with_blank_info" time="15.796"/>
  <testcase classname="Tests.ProjectFlowStructuredTest" name="verify_next_button_with_blank_info" time="11.615"/>
  <testcase classname="Tests.ProjectFlowStructuredTest" name="verify_cancel_with_blank_info" time="14.501"/>
  <testcase classname="Tests.ProjectFlowStructuredTest" name="create_project_with_invalid_project_name" time="60.318"/>
  <testcase classname="Tests.ProjectFlowStructuredTest" name="create_project_without_template_for_admin" time="42.506"/>
  <testcase classname="Tests.ProjectFlowStructuredTest" name="create_project_without_role_for_admin" time="6.297"/>
  <testcase classname="Tests.ProjectFlowStructuredTest" name="create_project_without_user_for_admin" time="8.805"/>
  <testcase classname="Tests.ProjectFlowStructuredTest" name="create_project_with_disable_status_for_admin" time="63.642"/>
  <testcase classname="Tests.ProjectFlowStructuredTest" name="create_project_only_with_role_info_for_admin" time="33.341"/>
  <testcase classname="Tests.ProjectFlowStructuredTest" name="table_structure" time="25.019"/>
  <testcase classname="Tests.ProjectFlowStructuredTest" name="items_per_page" time="7.316"/>
  <testcase classname="Tests.ProjectFlowStructuredTest1" name="disable_active_project_on_Project_page" time="30.531"/>
  <testcase classname="Tests.ProjectFlowStructuredTest1" name="verify_disabled_project_on_Project_page" time="16.071"/>
  <testcase classname="Tests.RoleWiseTest" name="login_with_valid_username_password" time="23.522"/>
  <testcase classname="Tests.RoleWiseTest" name="admin_role_access_users_tab" time="5.124"/>
  <testcase classname="Tests.RoleWiseTest" name="admin_role_access_roles_tab" time="5.157"/>
  <testcase classname="Tests.RoleWiseTest" name="admin_role_access_templates_tab" time="5.09"/>
  <testcase classname="Tests.RoleWiseTest" name="admin_role_access_user_tab" time="5.151"/>
  <testcase classname="Tests.RoleWiseTest" name="admin_role_access_analytics_tab" time="5.104"/>
  <testcase classname="Tests.RoleWiseTest" name="admin_role_access_logout" time="7.311"/>
  <testcase classname="Tests.RoleWiseTest" name="supervisor_role_valid_login" time="9.334"/>
  <testcase classname="Tests.RoleWiseTest" name="supervisor_role_access_template" time="6.1"/>
  <testcase classname="Tests.RoleWiseTest" name="supervisor_role_access_document" time="6.116"/>
  <testcase classname="Tests.RoleWiseTest" name="supervisor_role_access_analytics" time="9.279"/>
  <testcase classname="Tests.RoleWiseTest" name="operator_role_with_valid_login" time="8.32"/>
  <testcase classname="Tests.RoleWiseTest" name="operator_role_access_document" time="4.082"/>
  <testcase classname="Tests.RoleWiseTest" name="operator_role_access_analytics" time="4.083"/>
  <testcase classname="Tests.TemplateTest" name="create_template_with_invalid_name" time="16.708"/>
  <testcase classname="Tests.TemplateTest" name="create_template_with_valid_name_no_chosen_file" time="7.253"/>
  <testcase classname="Tests.TemplateTest" name="create_template_with_already_exists_name_no_chosen_file" time="15.448"/>
  <testcase classname="Tests.TemplateTest" name="create_template_with_valid_name_chosen_file" time="17.439"/>
  <testcase classname="Tests.TemplateTest" name="search_created_template" time="8.587"/>
  <testcase classname="Tests.TemplateTest" name="zoom_in" time="6.202"/>
  <testcase classname="Tests.TemplateTest" name="zoom_out" time="22.804"/>
  <testcase classname="Tests.TemplateTest" name="delete_created_template_single_page" time="9.536"/>
  <testcase classname="Tests.TemplateTest" name="create_template_with_more_pages" time="46.998"/>
  <testcase classname="Tests.TemplateTest" name="navigate_next" time="5.107"/>
  <testcase classname="Tests.TemplateTest" name="navigate_back" time="14.648"/>
  <testcase classname="Tests.TemplateTest" name="delete_more_page_template" time="20.498"/>
  <testcase classname="Tests.UpdateProjectTest" name="updating_project_with_valid_data" time="20.916"/>
  <testcase classname="Tests.UpdateProjectTest" name="to_maintain_script" time="25.712"/>
  <testcase classname="Tests.UpdateProjectTest" name="update_project_when_role_status_disabled" time="29.064"/>
  <testcase classname="Tests.UpdateProjectTest" name="disabled_roles_are_not_displayed_in_add_role_list" time="35.373"/>
  <testcase classname="Tests.UpdateProjectTest" name="update_project_button_when_role_and_user_status_enabled" time="18.394"/>
  <testcase classname="Tests.UpdateProjectTest" name="enabled_roles_" time="18.378"/>
  <testcase classname="Tests.UpdateProjectTest" name="user_should_not_add_user_when_role_disabled" time="33.986"/>
  <testcase classname="Tests.UpdateProjectTest" name="update_project_role_should_not_have_empty_user" time="39.592"/>
  <testcase classname="Tests.UpdateProjectTest" name="update_project_by_entering_valid_data" time="27.192"/>
  <testcase classname="Tests.UpdateProjectTest" name="to_maintain_script_two" time="24.28"/>
  <testcase classname="Tests.UpdateProjectTest" name="update_project_when_role_and_status_disable" time="30.534"/>
  <testcase classname="Tests.UpdateProjectTest" name="disabled_roles_are_not_displayed_in_role_list_for_admin" time="32.691"/>
  <testcase classname="Tests.UpdateProjectTest" name="when_role_status_is_enabled_for_admin" time="17.905"/>
  <testcase classname="Tests.UpdateProjectTest" name="all_roles_are_displayed_in_add_list" time="18.014"/>
  <testcase classname="Tests.UpdateProjectTest" name="user_should_not_able_to_add_user_when_role_is_disabled_SP" time="24.362"/>
  <testcase classname="Tests.UpdateProjectTest" name="role_should_not_have_empty_user_for_supervisor" time="25.246"/>
  <testcase classname="Tests.UpdateProjectTest" name="status_is_disabled_for_admin_when_action_is_false" time="15.871"/>
  <testcase classname="Tests.UpdateProjectTest" name="status_is_disabled_for_admin_when_action_is_true" time="24.12"/>
  <testcase classname="Tests.UpdateUserAdminTest" name="UpdateUserAdminFlow" time="26.573"/>
  <testcase classname="Tests.UpdateUserAdminTest" name="disable_user_update" time="7.129"/>
  <testcase classname="Tests.UpdateUserAdminTest" name="enable_user_update" time="4.108"/>
  <testcase classname="Tests.UpdateUserAdminTest" name="update_with_blank_name" time="12.389"/>
  <testcase classname="Tests.UpdateUserAdminTest" name="update_with_invalid_username" time="13.403"/>
  <testcase classname="Tests.UpdateUserAdminTest" name="update_with_valid_username" time="24.202"/>
  <testcase classname="Tests.UpdateUserPlatformAdminTest" name="update_user_enable_disable" time="26.436"/>
  <testcase classname="Tests.UpdateUserPlatformAdminTest" name="blank_name_valid_password" time="13.356"/>
  <testcase classname="Tests.UpdateUserPlatformAdminTest" name="blank_username_invalid_password" time="18.431"/>
  <testcase classname="Tests.UpdateUserPlatformAdminTest" name="invalid_name_blank_password" time="20.734"/>
  <testcase classname="Tests.UpdateUserPlatformAdminTest" name="blank_username_blank_password" time="14.431"/>
  <testcase classname="Tests.UpdateUserPlatformAdminTest" name="invalid_username_invalid_password" time="16.611"/>
  <testcase classname="Tests.UpdateUserPlatformAdminTest" name="valid_name_and_blank_password" time="11.256"/>
  <testcase classname="Tests.UpdateUserPlatformAdminTest" name="all_combinations_of_password_policy_as_userid" time="10.453"/>
  <testcase classname="Tests.UpdateUserPlatformAdminTest" name="password_field_contains_alphabet_digit_special_char" time="11.384"/>
  <testcase classname="Tests.UpdateUserPlatformAdminTest" name="password_field_must_have_at_least_one_upper_lower_alphabet" time="11.526"/>
  <testcase classname="Tests.UpdateUserPlatformAdminTest" name="password_field_must_have_length_to_be_minimum_eight" time="12.34"/>
  <testcase classname="Tests.UpdateUserPlatformAdminTest" name="password_field_length_max_length_twelve" time="12.372"/>
  <testcase classname="Tests.UpdateUserPlatformAdminTest" name="only_alphabets" time="11.357"/>
</testsuite> <!-- C:/Users/kishor_ghadge/IdeaProjects/Maven_Project -->
